[debug] [2021-12-07T16:48:24.258Z] ----------------------------------------------------------------------
[debug] [2021-12-07T16:48:24.260Z] Command:       C:\Program Files\nodejs\node.exe C:\Users\makes\AppData\Roaming\npm\node_modules\firebase-tools\lib\bin\firebase.js emulators:start
[debug] [2021-12-07T16:48:24.261Z] CLI Version:   9.23.0
[debug] [2021-12-07T16:48:24.261Z] Platform:      win32
[debug] [2021-12-07T16:48:24.261Z] Node Version:  v16.13.0
[debug] [2021-12-07T16:48:24.262Z] Time:          Tue Dec 07 2021 22:18:24 GMT+0530 (India Standard Time)
[debug] [2021-12-07T16:48:24.262Z] ----------------------------------------------------------------------
[debug] 
[debug] [2021-12-07T16:48:24.314Z] > command requires scopes: ["email","openid","https://www.googleapis.com/auth/cloudplatformprojects.readonly","https://www.googleapis.com/auth/firebase","https://www.googleapis.com/auth/cloud-platform"]
[debug] [2021-12-07T16:48:24.314Z] > authorizing via signed-in user (make.sanjoy@gmail.com)
[info] i  emulators: Starting emulators: functions, hosting {"metadata":{"emulator":{"name":"hub"},"message":"Starting emulators: functions, hosting"}}
[debug] [2021-12-07T16:48:24.336Z] [hub] writing locator at C:\Users\makes\AppData\Local\Temp\hub-ama-clone-32465.json
[warn] !  functions: The following emulators are not running, calls to these services from the Functions emulator will affect production: auth, firestore, database, pubsub, storage {"metadata":{"emulator":{"name":"functions"},"message":"The following emulators are not running, calls to these services from the Functions emulator will affect production: \u001b[1mauth, firestore, database, pubsub, storage\u001b[22m"}}
[warn] !  Your requested "node" version "14" doesn't match your global version "16" {"metadata":{"emulator":{"name":"functions"},"message":"Your requested \"node\" version \"14\" doesn't match your global version \"16\""}}
[debug] [2021-12-07T16:48:24.384Z] defaultcredentials: writing to file C:\Users\makes\AppData\Roaming\firebase\make_sanjoy_gmail.com_application_default_credentials.json
[debug] [2021-12-07T16:48:24.386Z] Setting GAC to C:\Users\makes\AppData\Roaming\firebase\make_sanjoy_gmail.com_application_default_credentials.json {"metadata":{"emulator":{"name":"functions"},"message":"Setting GAC to C:\\Users\\makes\\AppData\\Roaming\\firebase\\make_sanjoy_gmail.com_application_default_credentials.json"}}
[debug] [2021-12-07T16:48:24.388Z] > refreshing access token with scopes: []
[debug] [2021-12-07T16:48:24.389Z] >>> HTTP REQUEST POST https://www.googleapis.com/oauth2/v3/token  
 <request body omitted>
[debug] [2021-12-07T16:48:24.639Z] <<< HTTP RESPONSE 200 {"date":"Tue, 07 Dec 2021 16:48:24 GMT","cache-control":"no-cache, no-store, max-age=0, must-revalidate","expires":"Mon, 01 Jan 1990 00:00:00 GMT","pragma":"no-cache","content-type":"application/json; charset=utf-8","vary":"X-Origin, Referer, Origin,Accept-Encoding","server":"scaffolding on HTTPServer2","x-xss-protection":"0","x-frame-options":"SAMEORIGIN","x-content-type-options":"nosniff","alt-svc":"h3=\":443\"; ma=2592000,h3-29=\":443\"; ma=2592000,h3-Q050=\":443\"; ma=2592000,h3-Q046=\":443\"; ma=2592000,h3-Q043=\":443\"; ma=2592000,quic=\":443\"; ma=2592000; v=\"46,43\"","accept-ranges":"none","transfer-encoding":"chunked"}
[debug] [2021-12-07T16:48:24.666Z] >>> [apiv2][query] GET https://firebase.googleapis.com/v1beta1/projects/ama-clone-32465/adminSdkConfig [none]
[debug] [2021-12-07T16:48:25.188Z] <<< [apiv2][status] GET https://firebase.googleapis.com/v1beta1/projects/ama-clone-32465/adminSdkConfig 200
[debug] [2021-12-07T16:48:25.188Z] <<< [apiv2][body] GET https://firebase.googleapis.com/v1beta1/projects/ama-clone-32465/adminSdkConfig {"projectId":"ama-clone-32465","storageBucket":"ama-clone-32465.appspot.com","locationId":"us-central"}
[debug] [2021-12-07T16:48:25.209Z] >>> [apiv2][query] GET https://firebasehosting.googleapis.com/v1beta1/projects/ama-clone-32465/sites 
[debug] [2021-12-07T16:48:26.972Z] <<< [apiv2][status] GET https://firebasehosting.googleapis.com/v1beta1/projects/ama-clone-32465/sites 200
[debug] [2021-12-07T16:48:26.972Z] <<< [apiv2][body] GET https://firebasehosting.googleapis.com/v1beta1/projects/ama-clone-32465/sites {"sites":[{"name":"projects/369230726655/sites/ama-clone-32465","defaultUrl":"https://ama-clone-32465.web.app","appId":"1:369230726655:web:4ded922ae54f14815493ca","type":"DEFAULT_SITE"}]}
[debug] [2021-12-07T16:48:26.973Z] >>> [apiv2][query] GET https://firebase.googleapis.com/v1beta1/projects/ama-clone-32465/webApps/1:369230726655:web:4ded922ae54f14815493ca/config [none]
[debug] [2021-12-07T16:48:28.475Z] <<< [apiv2][status] GET https://firebase.googleapis.com/v1beta1/projects/ama-clone-32465/webApps/1:369230726655:web:4ded922ae54f14815493ca/config 200
[debug] [2021-12-07T16:48:28.475Z] <<< [apiv2][body] GET https://firebase.googleapis.com/v1beta1/projects/ama-clone-32465/webApps/1:369230726655:web:4ded922ae54f14815493ca/config {"projectId":"ama-clone-32465","appId":"1:369230726655:web:4ded922ae54f14815493ca","storageBucket":"ama-clone-32465.appspot.com","locationId":"us-central","apiKey":"AIzaSyCC0SR4tTYGFplY2nyCy_LbFiknfYyRNSI","authDomain":"ama-clone-32465.firebaseapp.com","messagingSenderId":"369230726655","measurementId":"G-VBBF6SM926"}
[info] i  hosting: Serving hosting files from: build {"metadata":{"emulator":{"name":"hosting"},"message":"Serving hosting files from: \u001b[1mbuild\u001b[22m"}}
[info] +  hosting: Local server: http://localhost:5000 {"metadata":{"emulator":{"name":"hosting"},"message":"Local server: \u001b[4m\u001b[1mhttp://localhost:5000\u001b[22m\u001b[24m"}}
[debug] [2021-12-07T16:48:28.516Z] Ignoring unsupported arg: auto_download {"metadata":{"emulator":{"name":"ui"},"message":"Ignoring unsupported arg: auto_download"}}
[debug] [2021-12-07T16:48:28.516Z] Ignoring unsupported arg: port {"metadata":{"emulator":{"name":"ui"},"message":"Ignoring unsupported arg: port"}}
[debug] [2021-12-07T16:48:28.517Z] Starting Emulator UI with command {"binary":"node","args":["C:\\Users\\makes\\.cache\\firebase\\emulators\\ui-v1.6.4\\server.bundle.js"],"optionalArgs":[],"joinArgs":false} {"metadata":{"emulator":{"name":"ui"},"message":"Starting Emulator UI with command {\"binary\":\"node\",\"args\":[\"C:\\\\Users\\\\makes\\\\.cache\\\\firebase\\\\emulators\\\\ui-v1.6.4\\\\server.bundle.js\"],\"optionalArgs\":[],\"joinArgs\":false}"}}
[info] i  ui: Emulator UI logging to ui-debug.log {"metadata":{"emulator":{"name":"ui"},"message":"Emulator UI logging to \u001b[1mui-debug.log\u001b[22m"}}
[debug] [2021-12-07T16:48:28.700Z] Web / API server started at localhost:4000
 {"metadata":{"emulator":{"name":"ui"},"message":"Web / API server started at localhost:4000\n"}}
[info] i  functions: Watching "C:\Users\makes\Desktop\amaz-clone\amazon_clone\functions" for Cloud Functions... {"metadata":{"emulator":{"name":"functions"},"message":"Watching \"C:\\Users\\makes\\Desktop\\amaz-clone\\amazon_clone\\functions\" for Cloud Functions..."}}
[debug] [2021-12-07T16:48:28.817Z] [worker-pool] addWorker(~diagnostic~) {"metadata":{"emulator":{"name":"functions"},"message":"[worker-pool] addWorker(~diagnostic~)"}}
[debug] [2021-12-07T16:48:28.819Z] [worker-pool] Adding worker with key ~diagnostic~, total=1 {"metadata":{"emulator":{"name":"functions"},"message":"[worker-pool] Adding worker with key ~diagnostic~, total=1"}}
[debug] [2021-12-07T16:48:28.820Z] [worker-pool] submitWork(triggerId=) {"metadata":{"emulator":{"name":"functions"},"message":"[worker-pool] submitWork(triggerId=)"}}
[debug] [2021-12-07T16:48:28.820Z] [worker-~diagnostic~-786f2236-3324-4836-8ba1-62667a35cf8e]: Assigning socketPath: \\?\pipe\C:\Users\makes\Desktop\amaz-clone\amazon_clone\functions\17120 {"metadata":{"emulator":{"name":"functions"},"message":"[worker-~diagnostic~-786f2236-3324-4836-8ba1-62667a35cf8e]: Assigning socketPath: \\\\?\\pipe\\C:\\Users\\makes\\Desktop\\amaz-clone\\amazon_clone\\functions\\17120"}}
[debug] [2021-12-07T16:48:28.822Z] [worker-~diagnostic~-786f2236-3324-4836-8ba1-62667a35cf8e]: BUSY {"metadata":{"emulator":{"name":"functions"},"message":"[worker-~diagnostic~-786f2236-3324-4836-8ba1-62667a35cf8e]: BUSY"}}
[debug] [2021-12-07T16:48:29.250Z] [runtime-status] [17120] Functions runtime initialized. {"cwd":"C:\\Users\\makes\\Desktop\\amaz-clone\\amazon_clone\\functions","node_version":"16.13.0"} {"metadata":{"emulator":{"name":"functions"},"message":"[runtime-status] [17120] Functions runtime initialized. {\"cwd\":\"C:\\\\Users\\\\makes\\\\Desktop\\\\amaz-clone\\\\amazon_clone\\\\functions\",\"node_version\":\"16.13.0\"}"}}
[debug] [2021-12-07T16:48:29.250Z] [runtime-status] [17120] Disabled runtime features: undefined {"metadata":{"emulator":{"name":"functions"},"message":"[runtime-status] [17120] Disabled runtime features: undefined"}}
[debug] [2021-12-07T16:48:29.259Z] [runtime-status] [17120] Resolved module firebase-admin {"declared":true,"installed":true,"version":"9.12.0","resolution":"C:\\Users\\makes\\Desktop\\amaz-clone\\amazon_clone\\functions\\node_modules\\firebase-admin\\lib\\index.js"} {"metadata":{"emulator":{"name":"functions"},"message":"[runtime-status] [17120] Resolved module firebase-admin {\"declared\":true,\"installed\":true,\"version\":\"9.12.0\",\"resolution\":\"C:\\\\Users\\\\makes\\\\Desktop\\\\amaz-clone\\\\amazon_clone\\\\functions\\\\node_modules\\\\firebase-admin\\\\lib\\\\index.js\"}"}}
[debug] [2021-12-07T16:48:29.264Z] [runtime-status] [17120] Resolved module firebase-functions {"declared":true,"installed":true,"version":"3.16.0","resolution":"C:\\Users\\makes\\Desktop\\amaz-clone\\amazon_clone\\functions\\node_modules\\firebase-functions\\lib\\index.js"} {"metadata":{"emulator":{"name":"functions"},"message":"[runtime-status] [17120] Resolved module firebase-functions {\"declared\":true,\"installed\":true,\"version\":\"3.16.0\",\"resolution\":\"C:\\\\Users\\\\makes\\\\Desktop\\\\amaz-clone\\\\amazon_clone\\\\functions\\\\node_modules\\\\firebase-functions\\\\lib\\\\index.js\"}"}}
[debug] [2021-12-07T16:48:29.266Z] [runtime-status] [17120] Outgoing network have been stubbed. [{"name":"http","status":"mocked"},{"name":"http","status":"mocked"},{"name":"https","status":"mocked"},{"name":"https","status":"mocked"},{"name":"net","status":"mocked"}] {"metadata":{"emulator":{"name":"functions"},"message":"[runtime-status] [17120] Outgoing network have been stubbed. [{\"name\":\"http\",\"status\":\"mocked\"},{\"name\":\"http\",\"status\":\"mocked\"},{\"name\":\"https\",\"status\":\"mocked\"},{\"name\":\"https\",\"status\":\"mocked\"},{\"name\":\"net\",\"status\":\"mocked\"}]"}}
[debug] [2021-12-07T16:48:29.271Z] [runtime-status] [17120] Resolved module firebase-functions {"declared":true,"installed":true,"version":"3.16.0","resolution":"C:\\Users\\makes\\Desktop\\amaz-clone\\amazon_clone\\functions\\node_modules\\firebase-functions\\lib\\index.js"} {"metadata":{"emulator":{"name":"functions"},"message":"[runtime-status] [17120] Resolved module firebase-functions {\"declared\":true,\"installed\":true,\"version\":\"3.16.0\",\"resolution\":\"C:\\\\Users\\\\makes\\\\Desktop\\\\amaz-clone\\\\amazon_clone\\\\functions\\\\node_modules\\\\firebase-functions\\\\lib\\\\index.js\"}"}}
[debug] [2021-12-07T16:48:29.346Z] [runtime-status] [17120] Checked functions.config() {"config":{}} {"metadata":{"emulator":{"name":"functions"},"message":"[runtime-status] [17120] Checked functions.config() {\"config\":{}}"}}
[debug] [2021-12-07T16:48:29.347Z] [runtime-status] [17120] firebase-functions has been stubbed. {"functionsResolution":{"declared":true,"installed":true,"version":"3.16.0","resolution":"C:\\Users\\makes\\Desktop\\amaz-clone\\amazon_clone\\functions\\node_modules\\firebase-functions\\lib\\index.js"}} {"metadata":{"emulator":{"name":"functions"},"message":"[runtime-status] [17120] firebase-functions has been stubbed. {\"functionsResolution\":{\"declared\":true,\"installed\":true,\"version\":\"3.16.0\",\"resolution\":\"C:\\\\Users\\\\makes\\\\Desktop\\\\amaz-clone\\\\amazon_clone\\\\functions\\\\node_modules\\\\firebase-functions\\\\lib\\\\index.js\"}}"}}
[debug] [2021-12-07T16:48:29.348Z] [runtime-status] [17120] Resolved module firebase-functions {"declared":true,"installed":true,"version":"3.16.0","resolution":"C:\\Users\\makes\\Desktop\\amaz-clone\\amazon_clone\\functions\\node_modules\\firebase-functions\\lib\\index.js"} {"metadata":{"emulator":{"name":"functions"},"message":"[runtime-status] [17120] Resolved module firebase-functions {\"declared\":true,\"installed\":true,\"version\":\"3.16.0\",\"resolution\":\"C:\\\\Users\\\\makes\\\\Desktop\\\\amaz-clone\\\\amazon_clone\\\\functions\\\\node_modules\\\\firebase-functions\\\\lib\\\\index.js\"}"}}
[debug] [2021-12-07T16:48:29.349Z] [runtime-status] [17120] Resolved module firebase-admin {"declared":true,"installed":true,"version":"9.12.0","resolution":"C:\\Users\\makes\\Desktop\\amaz-clone\\amazon_clone\\functions\\node_modules\\firebase-admin\\lib\\index.js"} {"metadata":{"emulator":{"name":"functions"},"message":"[runtime-status] [17120] Resolved module firebase-admin {\"declared\":true,\"installed\":true,\"version\":\"9.12.0\",\"resolution\":\"C:\\\\Users\\\\makes\\\\Desktop\\\\amaz-clone\\\\amazon_clone\\\\functions\\\\node_modules\\\\firebase-admin\\\\lib\\\\index.js\"}"}}
[debug] [2021-12-07T16:48:29.350Z] [runtime-status] [17120] Resolved module firebase-functions {"declared":true,"installed":true,"version":"3.16.0","resolution":"C:\\Users\\makes\\Desktop\\amaz-clone\\amazon_clone\\functions\\node_modules\\firebase-functions\\lib\\index.js"} {"metadata":{"emulator":{"name":"functions"},"message":"[runtime-status] [17120] Resolved module firebase-functions {\"declared\":true,\"installed\":true,\"version\":\"3.16.0\",\"resolution\":\"C:\\\\Users\\\\makes\\\\Desktop\\\\amaz-clone\\\\amazon_clone\\\\functions\\\\node_modules\\\\firebase-functions\\\\lib\\\\index.js\"}"}}
[debug] [2021-12-07T16:48:29.351Z] [runtime-status] [17120] firebase-admin has been stubbed. {"adminResolution":{"declared":true,"installed":true,"version":"9.12.0","resolution":"C:\\Users\\makes\\Desktop\\amaz-clone\\amazon_clone\\functions\\node_modules\\firebase-admin\\lib\\index.js"}} {"metadata":{"emulator":{"name":"functions"},"message":"[runtime-status] [17120] firebase-admin has been stubbed. {\"adminResolution\":{\"declared\":true,\"installed\":true,\"version\":\"9.12.0\",\"resolution\":\"C:\\\\Users\\\\makes\\\\Desktop\\\\amaz-clone\\\\amazon_clone\\\\functions\\\\node_modules\\\\firebase-admin\\\\lib\\\\index.js\"}}"}}
[info] +  functions[us-central1-api]: http function initialized (http://localhost:5001/ama-clone-32465/us-central1/api). {"metadata":{"emulator":{"name":"functions"},"message":"\u001b[1mhttp\u001b[22m function initialized (http://localhost:5001/ama-clone-32465/us-central1/api)."}}
[info] 
┌─────────────────────────────────────────────────────────────┐
│ ✔  All emulators ready! It is now safe to connect your app. │
│ i  View Emulator UI at http://localhost:4000                │
└─────────────────────────────────────────────────────────────┘

┌───────────┬────────────────┬─────────────────────────────────┐
│ Emulator  │ Host:Port      │ View in Emulator UI             │
├───────────┼────────────────┼─────────────────────────────────┤
│ Functions │ localhost:5001 │ http://localhost:4000/functions │
├───────────┼────────────────┼─────────────────────────────────┤
│ Hosting   │ localhost:5000 │ n/a                             │
└───────────┴────────────────┴─────────────────────────────────┘
  Emulator Hub running at localhost:4400
  Other reserved ports: 4500

Issues? Report them at https://github.com/firebase/firebase-tools/issues and attach the *-debug.log files.
 
[debug] [2021-12-07T16:48:29.750Z] [worker-~diagnostic~-786f2236-3324-4836-8ba1-62667a35cf8e]: IDLE {"metadata":{"emulator":{"name":"functions"},"message":"[worker-~diagnostic~-786f2236-3324-4836-8ba1-62667a35cf8e]: IDLE"}}
